<?xml version="1.0" encoding="UTF-8"?>
<!-- Generated by org.testng.reporters.JUnitReportReporter -->
<testsuite skipped="0" hostname="mp-ubn004" name="Tescases.Hamburger_Test" tests="2" failures="0" timestamp="24 Sep 2019 14:00:26 GMT" time="28.339" errors="0">
  <testcase name="clickOnHamburger" time="16.901" classname="Tescases.Hamburger_Test"/>
  <testcase name="logoIsClickable" time="11.438" classname="Tescases.Hamburger_Test"/>
</testsuite> <!-- Tescases.Hamburger_Test -->
