<?xml version="1.0" encoding="UTF-8"?>
<!-- Generated by org.testng.reporters.JUnitReportReporter -->
<testsuite skipped="0" hostname="mp-ubn004" name="Tescases.Login_Page_Test_01" tests="1" failures="0" timestamp="24 Sep 2019 14:00:26 GMT" time="8.040" errors="0">
  <testcase name="loginSuperadmin" time="8.040" classname="Tescases.Login_Page_Test_01"/>
</testsuite> <!-- Tescases.Login_Page_Test_01 -->
